The system is: Darwin - 18.6.0 - x86_64
Compiling the C compiler identification source file "CMakeCCompilerId.c" succeeded.
Compiler: /usr/local/Cellar/gcc/10.2.0_2/bin/gcc-10 
Build flags: 
Id flags:  

The output was:
0


Compilation of the C compiler identification source "CMakeCCompilerId.c" produced "a.out"

The C compiler identification is GNU, found in "/Users/devyk/Data/Project/sample/github_code/YKAVStudyPlatform/avcore/cmake-build-debug/CMakeFiles/3.15.3/CompilerIdC/a.out"

Compiling the CXX compiler identification source file "CMakeCXXCompilerId.cpp" succeeded.
Compiler: /usr/local/Cellar/gcc/10.2.0_2/bin/g++-10 
Build flags: 
Id flags:  

The output was:
0


Compilation of the CXX compiler identification source "CMakeCXXCompilerId.cpp" produced "a.out"

The CXX compiler identification is GNU, found in "/Users/devyk/Data/Project/sample/github_code/YKAVStudyPlatform/avcore/cmake-build-debug/CMakeFiles/3.15.3/CompilerIdCXX/a.out"

Determining if the C compiler works passed with the following output:
Change Dir: /Users/devyk/Data/Project/sample/github_code/YKAVStudyPlatform/avcore/cmake-build-debug/CMakeFiles/CMakeTmp

Run Build Command(s):/usr/bin/make cmTC_84750/fast && /Applications/Xcode.app/Contents/Developer/usr/bin/make -f CMakeFiles/cmTC_84750.dir/build.make CMakeFiles/cmTC_84750.dir/build
Building C object CMakeFiles/cmTC_84750.dir/testCCompiler.c.o
/usr/local/Cellar/gcc/10.2.0_2/bin/gcc-10   -isysroot /Applications/Xcode.app/Contents/Developer/Platforms/MacOSX.platform/Developer/SDKs/MacOSX10.15.sdk -mmacosx-version-min=10.14   -o CMakeFiles/cmTC_84750.dir/testCCompiler.c.o   -c /Users/devyk/Data/Project/sample/github_code/YKAVStudyPlatform/avcore/cmake-build-debug/CMakeFiles/CMakeTmp/testCCompiler.c
Linking C executable cmTC_84750
/Applications/CLion.app/Contents/bin/cmake/mac/bin/cmake -E cmake_link_script CMakeFiles/cmTC_84750.dir/link.txt --verbose=1
/usr/local/Cellar/gcc/10.2.0_2/bin/gcc-10   -isysroot /Applications/Xcode.app/Contents/Developer/Platforms/MacOSX.platform/Developer/SDKs/MacOSX10.15.sdk -mmacosx-version-min=10.14 -Wl,-search_paths_first -Wl,-headerpad_max_install_names   CMakeFiles/cmTC_84750.dir/testCCompiler.c.o  -o cmTC_84750 



Detecting C compiler ABI info compiled with the following output:
Change Dir: /Users/devyk/Data/Project/sample/github_code/YKAVStudyPlatform/avcore/cmake-build-debug/CMakeFiles/CMakeTmp

Run Build Command(s):/usr/bin/make cmTC_9b64f/fast && /Applications/Xcode.app/Contents/Developer/usr/bin/make -f CMakeFiles/cmTC_9b64f.dir/build.make CMakeFiles/cmTC_9b64f.dir/build
Building C object CMakeFiles/cmTC_9b64f.dir/CMakeCCompilerABI.c.o
/usr/local/Cellar/gcc/10.2.0_2/bin/gcc-10   -isysroot /Applications/Xcode.app/Contents/Developer/Platforms/MacOSX.platform/Developer/SDKs/MacOSX10.15.sdk -mmacosx-version-min=10.14   -v -Wl,-v -o CMakeFiles/cmTC_9b64f.dir/CMakeCCompilerABI.c.o   -c /Applications/CLion.app/Contents/bin/cmake/mac/share/cmake-3.15/Modules/CMakeCCompilerABI.c
Using built-in specs.
COLLECT_GCC=/usr/local/Cellar/gcc/10.2.0_2/bin/gcc-10
Target: x86_64-apple-darwin18
Configured with: ../configure --build=x86_64-apple-darwin18 --prefix=/usr/local/Cellar/gcc/10.2.0_2 --libdir=/usr/local/Cellar/gcc/10.2.0_2/lib/gcc/10 --disable-nls --enable-checking=release --enable-languages=c,c++,objc,obj-c++,fortran --program-suffix=-10 --with-gmp=/usr/local/opt/gmp --with-mpfr=/usr/local/opt/mpfr --with-mpc=/usr/local/opt/libmpc --with-isl=/usr/local/opt/isl --with-system-zlib --with-pkgversion='Homebrew GCC 10.2.0_2' --with-bugurl=https://github.com/Homebrew/homebrew-core/issues --disable-multilib --with-native-system-header-dir=/usr/include --with-sysroot=/Library/Developer/CommandLineTools/SDKs/MacOSX10.14.sdk SED=/usr/bin/sed
Thread model: posix
Supported LTO compression algorithms: zlib
gcc version 10.2.0 (Homebrew GCC 10.2.0_2) 
COLLECT_GCC_OPTIONS='-isysroot' '/Applications/Xcode.app/Contents/Developer/Platforms/MacOSX.platform/Developer/SDKs/MacOSX10.15.sdk' '-v' '-o' 'CMakeFiles/cmTC_9b64f.dir/CMakeCCompilerABI.c.o' '-c' '-mmacosx-version-min=10.14' '-asm_macosx_version_min=10.14' '-mtune=core2'
 /usr/local/Cellar/gcc/10.2.0_2/libexec/gcc/x86_64-apple-darwin18/10.2.0/cc1 -quiet -v -D__DYNAMIC__ -isysroot /Applications/Xcode.app/Contents/Developer/Platforms/MacOSX.platform/Developer/SDKs/MacOSX10.15.sdk /Applications/CLion.app/Contents/bin/cmake/mac/share/cmake-3.15/Modules/CMakeCCompilerABI.c -fPIC -quiet -dumpbase CMakeCCompilerABI.c -mmacosx-version-min=10.14 -mtune=core2 -auxbase-strip CMakeFiles/cmTC_9b64f.dir/CMakeCCompilerABI.c.o -version -o /var/folders/_p/c0sdd8810dz7c26mbc27swqw0000gn/T//ccGhHAem.s
GNU C17 (Homebrew GCC 10.2.0_2) version 10.2.0 (x86_64-apple-darwin18)
	compiled by GNU C version 10.2.0, GMP version 6.2.1, MPFR version 4.1.0, MPC version 1.2.1, isl version isl-0.23-GMP

GGC heuristics: --param ggc-min-expand=100 --param ggc-min-heapsize=131072
ignoring nonexistent directory "/Applications/Xcode.app/Contents/Developer/Platforms/MacOSX.platform/Developer/SDKs/MacOSX10.15.sdk/usr/local/include"
ignoring nonexistent directory "/usr/local/Cellar/gcc/10.2.0_2/lib/gcc/10/gcc/x86_64-apple-darwin18/10.2.0/../../../../../../x86_64-apple-darwin18/include"
ignoring nonexistent directory "/Applications/Xcode.app/Contents/Developer/Platforms/MacOSX.platform/Developer/SDKs/MacOSX10.15.sdk/Library/Frameworks"
#include "..." search starts here:
#include <...> search starts here:
 /usr/local/Cellar/gcc/10.2.0_2/lib/gcc/10/gcc/x86_64-apple-darwin18/10.2.0/include
 /usr/local/Cellar/gcc/10.2.0_2/lib/gcc/10/gcc/x86_64-apple-darwin18/10.2.0/include-fixed
 /Applications/Xcode.app/Contents/Developer/Platforms/MacOSX.platform/Developer/SDKs/MacOSX10.15.sdk/usr/include
 /Applications/Xcode.app/Contents/Developer/Platforms/MacOSX.platform/Developer/SDKs/MacOSX10.15.sdk/System/Library/Frameworks
End of search list.
GNU C17 (Homebrew GCC 10.2.0_2) version 10.2.0 (x86_64-apple-darwin18)
	compiled by GNU C version 10.2.0, GMP version 6.2.1, MPFR version 4.1.0, MPC version 1.2.1, isl version isl-0.23-GMP

GGC heuristics: --param ggc-min-expand=100 --param ggc-min-heapsize=131072
Compiler executable checksum: 5fdd3aa8cbfcafe432b6b6b68f913714
COLLECT_GCC_OPTIONS='-isysroot' '/Applications/Xcode.app/Contents/Developer/Platforms/MacOSX.platform/Developer/SDKs/MacOSX10.15.sdk' '-v' '-o' 'CMakeFiles/cmTC_9b64f.dir/CMakeCCompilerABI.c.o' '-c' '-mmacosx-version-min=10.14'  '-mtune=core2'
 as -arch x86_64 -v -force_cpusubtype_ALL -mmacosx-version-min=10.14 -o CMakeFiles/cmTC_9b64f.dir/CMakeCCompilerABI.c.o /var/folders/_p/c0sdd8810dz7c26mbc27swqw0000gn/T//ccGhHAem.s
Apple clang version 11.0.0 (clang-1100.0.33.8)
Target: x86_64-apple-darwin18.6.0
Thread model: posix
InstalledDir: /Applications/Xcode.app/Contents/Developer/Toolchains/XcodeDefault.xctoolchain/usr/bin
 "/Applications/Xcode.app/Contents/Developer/Toolchains/XcodeDefault.xctoolchain/usr/bin/clang" -cc1as -triple x86_64-apple-macosx10.14.0 -filetype obj -main-file-name ccGhHAem.s -target-cpu penryn -fdebug-compilation-dir /Users/devyk/Data/Project/sample/github_code/YKAVStudyPlatform/avcore/cmake-build-debug/CMakeFiles/CMakeTmp -dwarf-debug-producer Apple clang version 11.0.0 (clang-1100.0.33.8) -dwarf-version=4 -mrelocation-model pic -o CMakeFiles/cmTC_9b64f.dir/CMakeCCompilerABI.c.o /var/folders/_p/c0sdd8810dz7c26mbc27swqw0000gn/T//ccGhHAem.s
COMPILER_PATH=/usr/local/Cellar/gcc/10.2.0_2/libexec/gcc/x86_64-apple-darwin18/10.2.0/:/usr/local/Cellar/gcc/10.2.0_2/libexec/gcc/x86_64-apple-darwin18/10.2.0/:/usr/local/Cellar/gcc/10.2.0_2/libexec/gcc/x86_64-apple-darwin18/:/usr/local/Cellar/gcc/10.2.0_2/lib/gcc/10/gcc/x86_64-apple-darwin18/10.2.0/:/usr/local/Cellar/gcc/10.2.0_2/lib/gcc/10/gcc/x86_64-apple-darwin18/
LIBRARY_PATH=/usr/local/Cellar/gcc/10.2.0_2/lib/gcc/10/gcc/x86_64-apple-darwin18/10.2.0/:/usr/local/Cellar/gcc/10.2.0_2/lib/gcc/10/gcc/x86_64-apple-darwin18/10.2.0/../../../
COLLECT_GCC_OPTIONS='-isysroot' '/Applications/Xcode.app/Contents/Developer/Platforms/MacOSX.platform/Developer/SDKs/MacOSX10.15.sdk' '-v' '-o' 'CMakeFiles/cmTC_9b64f.dir/CMakeCCompilerABI.c.o' '-c' '-mmacosx-version-min=10.14'  '-mtune=core2'
Linking C executable cmTC_9b64f
/Applications/CLion.app/Contents/bin/cmake/mac/bin/cmake -E cmake_link_script CMakeFiles/cmTC_9b64f.dir/link.txt --verbose=1
/usr/local/Cellar/gcc/10.2.0_2/bin/gcc-10   -isysroot /Applications/Xcode.app/Contents/Developer/Platforms/MacOSX.platform/Developer/SDKs/MacOSX10.15.sdk -mmacosx-version-min=10.14 -Wl,-search_paths_first -Wl,-headerpad_max_install_names  -v -Wl,-v CMakeFiles/cmTC_9b64f.dir/CMakeCCompilerABI.c.o  -o cmTC_9b64f 
Using built-in specs.
COLLECT_GCC=/usr/local/Cellar/gcc/10.2.0_2/bin/gcc-10
COLLECT_LTO_WRAPPER=/usr/local/Cellar/gcc/10.2.0_2/libexec/gcc/x86_64-apple-darwin18/10.2.0/lto-wrapper
Target: x86_64-apple-darwin18
Configured with: ../configure --build=x86_64-apple-darwin18 --prefix=/usr/local/Cellar/gcc/10.2.0_2 --libdir=/usr/local/Cellar/gcc/10.2.0_2/lib/gcc/10 --disable-nls --enable-checking=release --enable-languages=c,c++,objc,obj-c++,fortran --program-suffix=-10 --with-gmp=/usr/local/opt/gmp --with-mpfr=/usr/local/opt/mpfr --with-mpc=/usr/local/opt/libmpc --with-isl=/usr/local/opt/isl --with-system-zlib --with-pkgversion='Homebrew GCC 10.2.0_2' --with-bugurl=https://github.com/Homebrew/homebrew-core/issues --disable-multilib --with-native-system-header-dir=/usr/include --with-sysroot=/Library/Developer/CommandLineTools/SDKs/MacOSX10.14.sdk SED=/usr/bin/sed
Thread model: posix
Supported LTO compression algorithms: zlib
gcc version 10.2.0 (Homebrew GCC 10.2.0_2) 
COMPILER_PATH=/usr/local/Cellar/gcc/10.2.0_2/libexec/gcc/x86_64-apple-darwin18/10.2.0/:/usr/local/Cellar/gcc/10.2.0_2/libexec/gcc/x86_64-apple-darwin18/10.2.0/:/usr/local/Cellar/gcc/10.2.0_2/libexec/gcc/x86_64-apple-darwin18/:/usr/local/Cellar/gcc/10.2.0_2/lib/gcc/10/gcc/x86_64-apple-darwin18/10.2.0/:/usr/local/Cellar/gcc/10.2.0_2/lib/gcc/10/gcc/x86_64-apple-darwin18/
LIBRARY_PATH=/usr/local/Cellar/gcc/10.2.0_2/lib/gcc/10/gcc/x86_64-apple-darwin18/10.2.0/:/usr/local/Cellar/gcc/10.2.0_2/lib/gcc/10/gcc/x86_64-apple-darwin18/10.2.0/../../../
COLLECT_GCC_OPTIONS='-isysroot' '/Applications/Xcode.app/Contents/Developer/Platforms/MacOSX.platform/Developer/SDKs/MacOSX10.15.sdk' '-v' '-o' 'cmTC_9b64f' '-mmacosx-version-min=10.14' '-asm_macosx_version_min=10.14' '-mtune=core2'
 /usr/local/Cellar/gcc/10.2.0_2/libexec/gcc/x86_64-apple-darwin18/10.2.0/collect2 -dynamic -arch x86_64 -macosx_version_min 10.14 -syslibroot /Applications/Xcode.app/Contents/Developer/Platforms/MacOSX.platform/Developer/SDKs/MacOSX10.15.sdk -weak_reference_mismatches non-weak -o cmTC_9b64f -L/usr/local/Cellar/gcc/10.2.0_2/lib/gcc/10/gcc/x86_64-apple-darwin18/10.2.0 -L/usr/local/Cellar/gcc/10.2.0_2/lib/gcc/10/gcc/x86_64-apple-darwin18/10.2.0/../../.. -search_paths_first -headerpad_max_install_names -v CMakeFiles/cmTC_9b64f.dir/CMakeCCompilerABI.c.o -lSystem -lgcc_ext.10.5 -lgcc -lSystem -no_compact_unwind -v
collect2 version 10.2.0
/usr/bin/ld -dynamic -arch x86_64 -macosx_version_min 10.14 -syslibroot /Applications/Xcode.app/Contents/Developer/Platforms/MacOSX.platform/Developer/SDKs/MacOSX10.15.sdk -weak_reference_mismatches non-weak -o cmTC_9b64f -L/usr/local/Cellar/gcc/10.2.0_2/lib/gcc/10/gcc/x86_64-apple-darwin18/10.2.0 -L/usr/local/Cellar/gcc/10.2.0_2/lib/gcc/10/gcc/x86_64-apple-darwin18/10.2.0/../../.. -search_paths_first -headerpad_max_install_names -v CMakeFiles/cmTC_9b64f.dir/CMakeCCompilerABI.c.o -lSystem -lgcc_ext.10.5 -lgcc -lSystem -no_compact_unwind -v
@(#)PROGRAM:ld  PROJECT:ld64-512.4
BUILD 05:06:53 Aug 16 2019
configured to support archs: armv6 armv7 armv7s arm64 arm64e arm64_32 i386 x86_64 x86_64h armv6m armv7k armv7m armv7em
@(#)PROGRAM:ld  PROJECT:ld64-512.4
BUILD 05:06:53 Aug 16 2019
configured to support archs: armv6 armv7 armv7s arm64 arm64e arm64_32 i386 x86_64 x86_64h armv6m armv7k armv7m armv7em
Library search paths:
	/usr/local/Cellar/gcc/10.2.0_2/lib/gcc/10/gcc/x86_64-apple-darwin18/10.2.0
	/usr/local/Cellar/gcc/10.2.0_2/lib/gcc/10
	/Applications/Xcode.app/Contents/Developer/Platforms/MacOSX.platform/Developer/SDKs/MacOSX10.15.sdk/usr/lib
Framework search paths:
	/Applications/Xcode.app/Contents/Developer/Platforms/MacOSX.platform/Developer/SDKs/MacOSX10.15.sdk/System/Library/Frameworks/



Parsed C implicit include dir info from above output: rv=done
  found start of include info
  found start of implicit include info
    add: [/usr/local/Cellar/gcc/10.2.0_2/lib/gcc/10/gcc/x86_64-apple-darwin18/10.2.0/include]
    add: [/usr/local/Cellar/gcc/10.2.0_2/lib/gcc/10/gcc/x86_64-apple-darwin18/10.2.0/include-fixed]
    add: [/Applications/Xcode.app/Contents/Developer/Platforms/MacOSX.platform/Developer/SDKs/MacOSX10.15.sdk/usr/include]
    add: [/Applications/Xcode.app/Contents/Developer/Platforms/MacOSX.platform/Developer/SDKs/MacOSX10.15.sdk/System/Library/Frameworks]
  end of search list found
  collapse include dir [/usr/local/Cellar/gcc/10.2.0_2/lib/gcc/10/gcc/x86_64-apple-darwin18/10.2.0/include] ==> [/usr/local/Cellar/gcc/10.2.0_2/lib/gcc/10/gcc/x86_64-apple-darwin18/10.2.0/include]
  collapse include dir [/usr/local/Cellar/gcc/10.2.0_2/lib/gcc/10/gcc/x86_64-apple-darwin18/10.2.0/include-fixed] ==> [/usr/local/Cellar/gcc/10.2.0_2/lib/gcc/10/gcc/x86_64-apple-darwin18/10.2.0/include-fixed]
  collapse include dir [/Applications/Xcode.app/Contents/Developer/Platforms/MacOSX.platform/Developer/SDKs/MacOSX10.15.sdk/usr/include] ==> [/Applications/Xcode.app/Contents/Developer/Platforms/MacOSX.platform/Developer/SDKs/MacOSX10.15.sdk/usr/include]
  collapse include dir [/Applications/Xcode.app/Contents/Developer/Platforms/MacOSX.platform/Developer/SDKs/MacOSX10.15.sdk/System/Library/Frameworks] ==> [/Applications/Xcode.app/Contents/Developer/Platforms/MacOSX.platform/Developer/SDKs/MacOSX10.15.sdk/System/Library/Frameworks]
  implicit include dirs: [/usr/local/Cellar/gcc/10.2.0_2/lib/gcc/10/gcc/x86_64-apple-darwin18/10.2.0/include;/usr/local/Cellar/gcc/10.2.0_2/lib/gcc/10/gcc/x86_64-apple-darwin18/10.2.0/include-fixed;/Applications/Xcode.app/Contents/Developer/Platforms/MacOSX.platform/Developer/SDKs/MacOSX10.15.sdk/usr/include;/Applications/Xcode.app/Contents/Developer/Platforms/MacOSX.platform/Developer/SDKs/MacOSX10.15.sdk/System/Library/Frameworks]


Parsed C implicit link information from above output:
  link line regex: [^( *|.*[/\])(ld|CMAKE_LINK_STARTFILE-NOTFOUND|([^/\]+-)?ld|collect2)[^/\]*( |$)]
  ignore line: [Change Dir: /Users/devyk/Data/Project/sample/github_code/YKAVStudyPlatform/avcore/cmake-build-debug/CMakeFiles/CMakeTmp]
  ignore line: []
  ignore line: [Run Build Command(s):/usr/bin/make cmTC_9b64f/fast && /Applications/Xcode.app/Contents/Developer/usr/bin/make -f CMakeFiles/cmTC_9b64f.dir/build.make CMakeFiles/cmTC_9b64f.dir/build]
  ignore line: [Building C object CMakeFiles/cmTC_9b64f.dir/CMakeCCompilerABI.c.o]
  ignore line: [/usr/local/Cellar/gcc/10.2.0_2/bin/gcc-10   -isysroot /Applications/Xcode.app/Contents/Developer/Platforms/MacOSX.platform/Developer/SDKs/MacOSX10.15.sdk -mmacosx-version-min=10.14   -v -Wl,-v -o CMakeFiles/cmTC_9b64f.dir/CMakeCCompilerABI.c.o   -c /Applications/CLion.app/Contents/bin/cmake/mac/share/cmake-3.15/Modules/CMakeCCompilerABI.c]
  ignore line: [Using built-in specs.]
  ignore line: [COLLECT_GCC=/usr/local/Cellar/gcc/10.2.0_2/bin/gcc-10]
  ignore line: [Target: x86_64-apple-darwin18]
  ignore line: [Configured with: ../configure --build=x86_64-apple-darwin18 --prefix=/usr/local/Cellar/gcc/10.2.0_2 --libdir=/usr/local/Cellar/gcc/10.2.0_2/lib/gcc/10 --disable-nls --enable-checking=release --enable-languages=c,c++,objc,obj-c++,fortran --program-suffix=-10 --with-gmp=/usr/local/opt/gmp --with-mpfr=/usr/local/opt/mpfr --with-mpc=/usr/local/opt/libmpc --with-isl=/usr/local/opt/isl --with-system-zlib --with-pkgversion='Homebrew GCC 10.2.0_2' --with-bugurl=https://github.com/Homebrew/homebrew-core/issues --disable-multilib --with-native-system-header-dir=/usr/include --with-sysroot=/Library/Developer/CommandLineTools/SDKs/MacOSX10.14.sdk SED=/usr/bin/sed]
  ignore line: [Thread model: posix]
  ignore line: [Supported LTO compression algorithms: zlib]
  ignore line: [gcc version 10.2.0 (Homebrew GCC 10.2.0_2) ]
  ignore line: [COLLECT_GCC_OPTIONS='-isysroot' '/Applications/Xcode.app/Contents/Developer/Platforms/MacOSX.platform/Developer/SDKs/MacOSX10.15.sdk' '-v' '-o' 'CMakeFiles/cmTC_9b64f.dir/CMakeCCompilerABI.c.o' '-c' '-mmacosx-version-min=10.14' '-asm_macosx_version_min=10.14' '-mtune=core2']
  ignore line: [ /usr/local/Cellar/gcc/10.2.0_2/libexec/gcc/x86_64-apple-darwin18/10.2.0/cc1 -quiet -v -D__DYNAMIC__ -isysroot /Applications/Xcode.app/Contents/Developer/Platforms/MacOSX.platform/Developer/SDKs/MacOSX10.15.sdk /Applications/CLion.app/Contents/bin/cmake/mac/share/cmake-3.15/Modules/CMakeCCompilerABI.c -fPIC -quiet -dumpbase CMakeCCompilerABI.c -mmacosx-version-min=10.14 -mtune=core2 -auxbase-strip CMakeFiles/cmTC_9b64f.dir/CMakeCCompilerABI.c.o -version -o /var/folders/_p/c0sdd8810dz7c26mbc27swqw0000gn/T//ccGhHAem.s]
  ignore line: [GNU C17 (Homebrew GCC 10.2.0_2) version 10.2.0 (x86_64-apple-darwin18)]
  ignore line: [	compiled by GNU C version 10.2.0, GMP version 6.2.1, MPFR version 4.1.0, MPC version 1.2.1, isl version isl-0.23-GMP]
  ignore line: []
  ignore line: [GGC heuristics: --param ggc-min-expand=100 --param ggc-min-heapsize=131072]
  ignore line: [ignoring nonexistent directory "/Applications/Xcode.app/Contents/Developer/Platforms/MacOSX.platform/Developer/SDKs/MacOSX10.15.sdk/usr/local/include"]
  ignore line: [ignoring nonexistent directory "/usr/local/Cellar/gcc/10.2.0_2/lib/gcc/10/gcc/x86_64-apple-darwin18/10.2.0/../../../../../../x86_64-apple-darwin18/include"]
  ignore line: [ignoring nonexistent directory "/Applications/Xcode.app/Contents/Developer/Platforms/MacOSX.platform/Developer/SDKs/MacOSX10.15.sdk/Library/Frameworks"]
  ignore line: [#include "..." search starts here:]
  ignore line: [#include <...> search starts here:]
  ignore line: [ /usr/local/Cellar/gcc/10.2.0_2/lib/gcc/10/gcc/x86_64-apple-darwin18/10.2.0/include]
  ignore line: [ /usr/local/Cellar/gcc/10.2.0_2/lib/gcc/10/gcc/x86_64-apple-darwin18/10.2.0/include-fixed]
  ignore line: [ /Applications/Xcode.app/Contents/Developer/Platforms/MacOSX.platform/Developer/SDKs/MacOSX10.15.sdk/usr/include]
  ignore line: [ /Applications/Xcode.app/Contents/Developer/Platforms/MacOSX.platform/Developer/SDKs/MacOSX10.15.sdk/System/Library/Frameworks]
  ignore line: [End of search list.]
  ignore line: [GNU C17 (Homebrew GCC 10.2.0_2) version 10.2.0 (x86_64-apple-darwin18)]
  ignore line: [	compiled by GNU C version 10.2.0, GMP version 6.2.1, MPFR version 4.1.0, MPC version 1.2.1, isl version isl-0.23-GMP]
  ignore line: []
  ignore line: [GGC heuristics: --param ggc-min-expand=100 --param ggc-min-heapsize=131072]
  ignore line: [Compiler executable checksum: 5fdd3aa8cbfcafe432b6b6b68f913714]
  ignore line: [COLLECT_GCC_OPTIONS='-isysroot' '/Applications/Xcode.app/Contents/Developer/Platforms/MacOSX.platform/Developer/SDKs/MacOSX10.15.sdk' '-v' '-o' 'CMakeFiles/cmTC_9b64f.dir/CMakeCCompilerABI.c.o' '-c' '-mmacosx-version-min=10.14'  '-mtune=core2']
  ignore line: [ as -arch x86_64 -v -force_cpusubtype_ALL -mmacosx-version-min=10.14 -o CMakeFiles/cmTC_9b64f.dir/CMakeCCompilerABI.c.o /var/folders/_p/c0sdd8810dz7c26mbc27swqw0000gn/T//ccGhHAem.s]
  ignore line: [Apple clang version 11.0.0 (clang-1100.0.33.8)]
  ignore line: [Target: x86_64-apple-darwin18.6.0]
  ignore line: [Thread model: posix]
  ignore line: [InstalledDir: /Applications/Xcode.app/Contents/Developer/Toolchains/XcodeDefault.xctoolchain/usr/bin]
  ignore line: [ "/Applications/Xcode.app/Contents/Developer/Toolchains/XcodeDefault.xctoolchain/usr/bin/clang" -cc1as -triple x86_64-apple-macosx10.14.0 -filetype obj -main-file-name ccGhHAem.s -target-cpu penryn -fdebug-compilation-dir /Users/devyk/Data/Project/sample/github_code/YKAVStudyPlatform/avcore/cmake-build-debug/CMakeFiles/CMakeTmp -dwarf-debug-producer Apple clang version 11.0.0 (clang-1100.0.33.8) -dwarf-version=4 -mrelocation-model pic -o CMakeFiles/cmTC_9b64f.dir/CMakeCCompilerABI.c.o /var/folders/_p/c0sdd8810dz7c26mbc27swqw0000gn/T//ccGhHAem.s]
  ignore line: [COMPILER_PATH=/usr/local/Cellar/gcc/10.2.0_2/libexec/gcc/x86_64-apple-darwin18/10.2.0/:/usr/local/Cellar/gcc/10.2.0_2/libexec/gcc/x86_64-apple-darwin18/10.2.0/:/usr/local/Cellar/gcc/10.2.0_2/libexec/gcc/x86_64-apple-darwin18/:/usr/local/Cellar/gcc/10.2.0_2/lib/gcc/10/gcc/x86_64-apple-darwin18/10.2.0/:/usr/local/Cellar/gcc/10.2.0_2/lib/gcc/10/gcc/x86_64-apple-darwin18/]
  ignore line: [LIBRARY_PATH=/usr/local/Cellar/gcc/10.2.0_2/lib/gcc/10/gcc/x86_64-apple-darwin18/10.2.0/:/usr/local/Cellar/gcc/10.2.0_2/lib/gcc/10/gcc/x86_64-apple-darwin18/10.2.0/../../../]
  ignore line: [COLLECT_GCC_OPTIONS='-isysroot' '/Applications/Xcode.app/Contents/Developer/Platforms/MacOSX.platform/Developer/SDKs/MacOSX10.15.sdk' '-v' '-o' 'CMakeFiles/cmTC_9b64f.dir/CMakeCCompilerABI.c.o' '-c' '-mmacosx-version-min=10.14'  '-mtune=core2']
  ignore line: [Linking C executable cmTC_9b64f]
  ignore line: [/Applications/CLion.app/Contents/bin/cmake/mac/bin/cmake -E cmake_link_script CMakeFiles/cmTC_9b64f.dir/link.txt --verbose=1]
  ignore line: [/usr/local/Cellar/gcc/10.2.0_2/bin/gcc-10   -isysroot /Applications/Xcode.app/Contents/Developer/Platforms/MacOSX.platform/Developer/SDKs/MacOSX10.15.sdk -mmacosx-version-min=10.14 -Wl,-search_paths_first -Wl,-headerpad_max_install_names  -v -Wl,-v CMakeFiles/cmTC_9b64f.dir/CMakeCCompilerABI.c.o  -o cmTC_9b64f ]
  ignore line: [Using built-in specs.]
  ignore line: [COLLECT_GCC=/usr/local/Cellar/gcc/10.2.0_2/bin/gcc-10]
  ignore line: [COLLECT_LTO_WRAPPER=/usr/local/Cellar/gcc/10.2.0_2/libexec/gcc/x86_64-apple-darwin18/10.2.0/lto-wrapper]
  ignore line: [Target: x86_64-apple-darwin18]
  ignore line: [Configured with: ../configure --build=x86_64-apple-darwin18 --prefix=/usr/local/Cellar/gcc/10.2.0_2 --libdir=/usr/local/Cellar/gcc/10.2.0_2/lib/gcc/10 --disable-nls --enable-checking=release --enable-languages=c,c++,objc,obj-c++,fortran --program-suffix=-10 --with-gmp=/usr/local/opt/gmp --with-mpfr=/usr/local/opt/mpfr --with-mpc=/usr/local/opt/libmpc --with-isl=/usr/local/opt/isl --with-system-zlib --with-pkgversion='Homebrew GCC 10.2.0_2' --with-bugurl=https://github.com/Homebrew/homebrew-core/issues --disable-multilib --with-native-system-header-dir=/usr/include --with-sysroot=/Library/Developer/CommandLineTools/SDKs/MacOSX10.14.sdk SED=/usr/bin/sed]
  ignore line: [Thread model: posix]
  ignore line: [Supported LTO compression algorithms: zlib]
  ignore line: [gcc version 10.2.0 (Homebrew GCC 10.2.0_2) ]
  ignore line: [COMPILER_PATH=/usr/local/Cellar/gcc/10.2.0_2/libexec/gcc/x86_64-apple-darwin18/10.2.0/:/usr/local/Cellar/gcc/10.2.0_2/libexec/gcc/x86_64-apple-darwin18/10.2.0/:/usr/local/Cellar/gcc/10.2.0_2/libexec/gcc/x86_64-apple-darwin18/:/usr/local/Cellar/gcc/10.2.0_2/lib/gcc/10/gcc/x86_64-apple-darwin18/10.2.0/:/usr/local/Cellar/gcc/10.2.0_2/lib/gcc/10/gcc/x86_64-apple-darwin18/]
  ignore line: [LIBRARY_PATH=/usr/local/Cellar/gcc/10.2.0_2/lib/gcc/10/gcc/x86_64-apple-darwin18/10.2.0/:/usr/local/Cellar/gcc/10.2.0_2/lib/gcc/10/gcc/x86_64-apple-darwin18/10.2.0/../../../]
  ignore line: [COLLECT_GCC_OPTIONS='-isysroot' '/Applications/Xcode.app/Contents/Developer/Platforms/MacOSX.platform/Developer/SDKs/MacOSX10.15.sdk' '-v' '-o' 'cmTC_9b64f' '-mmacosx-version-min=10.14' '-asm_macosx_version_min=10.14' '-mtune=core2']
  link line: [ /usr/local/Cellar/gcc/10.2.0_2/libexec/gcc/x86_64-apple-darwin18/10.2.0/collect2 -dynamic -arch x86_64 -macosx_version_min 10.14 -syslibroot /Applications/Xcode.app/Contents/Developer/Platforms/MacOSX.platform/Developer/SDKs/MacOSX10.15.sdk -weak_reference_mismatches non-weak -o cmTC_9b64f -L/usr/local/Cellar/gcc/10.2.0_2/lib/gcc/10/gcc/x86_64-apple-darwin18/10.2.0 -L/usr/local/Cellar/gcc/10.2.0_2/lib/gcc/10/gcc/x86_64-apple-darwin18/10.2.0/../../.. -search_paths_first -headerpad_max_install_names -v CMakeFiles/cmTC_9b64f.dir/CMakeCCompilerABI.c.o -lSystem -lgcc_ext.10.5 -lgcc -lSystem -no_compact_unwind -v]
    arg [/usr/local/Cellar/gcc/10.2.0_2/libexec/gcc/x86_64-apple-darwin18/10.2.0/collect2] ==> ignore
    arg [-dynamic] ==> ignore
    arg [-arch] ==> ignore
    arg [x86_64] ==> ignore
    arg [-macosx_version_min] ==> ignore
    arg [10.14] ==> ignore
    arg [-syslibroot] ==> ignore
    arg [/Applications/Xcode.app/Contents/Developer/Platforms/MacOSX.platform/Developer/SDKs/MacOSX10.15.sdk] ==> ignore
    arg [-weak_reference_mismatches] ==> ignore
    arg [non-weak] ==> ignore
    arg [-o] ==> ignore
    arg [cmTC_9b64f] ==> ignore
    arg [-L/usr/local/Cellar/gcc/10.2.0_2/lib/gcc/10/gcc/x86_64-apple-darwin18/10.2.0] ==> dir [/usr/local/Cellar/gcc/10.2.0_2/lib/gcc/10/gcc/x86_64-apple-darwin18/10.2.0]
    arg [-L/usr/local/Cellar/gcc/10.2.0_2/lib/gcc/10/gcc/x86_64-apple-darwin18/10.2.0/../../..] ==> dir [/usr/local/Cellar/gcc/10.2.0_2/lib/gcc/10/gcc/x86_64-apple-darwin18/10.2.0/../../..]
    arg [-search_paths_first] ==> ignore
    arg [-headerpad_max_install_names] ==> ignore
    arg [-v] ==> ignore
    arg [CMakeFiles/cmTC_9b64f.dir/CMakeCCompilerABI.c.o] ==> ignore
    arg [-lSystem] ==> lib [System]
    arg [-lgcc_ext.10.5] ==> lib [gcc_ext.10.5]
    arg [-lgcc] ==> lib [gcc]
    arg [-lSystem] ==> lib [System]
    arg [-no_compact_unwind] ==> ignore
    arg [-v] ==> ignore
  Library search paths: [;/usr/local/Cellar/gcc/10.2.0_2/lib/gcc/10/gcc/x86_64-apple-darwin18/10.2.0;/usr/local/Cellar/gcc/10.2.0_2/lib/gcc/10;/Applications/Xcode.app/Contents/Developer/Platforms/MacOSX.platform/Developer/SDKs/MacOSX10.15.sdk/usr/lib]
  Framework search paths: [;/Applications/Xcode.app/Contents/Developer/Platforms/MacOSX.platform/Developer/SDKs/MacOSX10.15.sdk/System/Library/Frameworks/]
  remove lib [System]
  remove lib [System]
  collapse library dir [/usr/local/Cellar/gcc/10.2.0_2/lib/gcc/10/gcc/x86_64-apple-darwin18/10.2.0] ==> [/usr/local/Cellar/gcc/10.2.0_2/lib/gcc/10/gcc/x86_64-apple-darwin18/10.2.0]
  collapse library dir [/usr/local/Cellar/gcc/10.2.0_2/lib/gcc/10/gcc/x86_64-apple-darwin18/10.2.0/../../..] ==> [/usr/local/Cellar/gcc/10.2.0_2/lib/gcc/10]
  collapse library dir [/usr/local/Cellar/gcc/10.2.0_2/lib/gcc/10/gcc/x86_64-apple-darwin18/10.2.0] ==> [/usr/local/Cellar/gcc/10.2.0_2/lib/gcc/10/gcc/x86_64-apple-darwin18/10.2.0]
  collapse library dir [/usr/local/Cellar/gcc/10.2.0_2/lib/gcc/10] ==> [/usr/local/Cellar/gcc/10.2.0_2/lib/gcc/10]
  collapse library dir [/Applications/Xcode.app/Contents/Developer/Platforms/MacOSX.platform/Developer/SDKs/MacOSX10.15.sdk/usr/lib] ==> [/Applications/Xcode.app/Contents/Developer/Platforms/MacOSX.platform/Developer/SDKs/MacOSX10.15.sdk/usr/lib]
  collapse framework dir [/Applications/Xcode.app/Contents/Developer/Platforms/MacOSX.platform/Developer/SDKs/MacOSX10.15.sdk/System/Library/Frameworks/] ==> [/Applications/Xcode.app/Contents/Developer/Platforms/MacOSX.platform/Developer/SDKs/MacOSX10.15.sdk/System/Library/Frameworks]
  implicit libs: [gcc_ext.10.5;gcc]
  implicit dirs: [/usr/local/Cellar/gcc/10.2.0_2/lib/gcc/10/gcc/x86_64-apple-darwin18/10.2.0;/usr/local/Cellar/gcc/10.2.0_2/lib/gcc/10;/Applications/Xcode.app/Contents/Developer/Platforms/MacOSX.platform/Developer/SDKs/MacOSX10.15.sdk/usr/lib]
  implicit fwks: [/Applications/Xcode.app/Contents/Developer/Platforms/MacOSX.platform/Developer/SDKs/MacOSX10.15.sdk/System/Library/Frameworks]


Determining if the CXX compiler works passed with the following output:
Change Dir: /Users/devyk/Data/Project/sample/github_code/YKAVStudyPlatform/avcore/cmake-build-debug/CMakeFiles/CMakeTmp

Run Build Command(s):/usr/bin/make cmTC_085b7/fast && /Applications/Xcode.app/Contents/Developer/usr/bin/make -f CMakeFiles/cmTC_085b7.dir/build.make CMakeFiles/cmTC_085b7.dir/build
Building CXX object CMakeFiles/cmTC_085b7.dir/testCXXCompiler.cxx.o
/usr/local/Cellar/gcc/10.2.0_2/bin/g++-10    -isysroot /Applications/Xcode.app/Contents/Developer/Platforms/MacOSX.platform/Developer/SDKs/MacOSX10.15.sdk -mmacosx-version-min=10.14   -o CMakeFiles/cmTC_085b7.dir/testCXXCompiler.cxx.o -c /Users/devyk/Data/Project/sample/github_code/YKAVStudyPlatform/avcore/cmake-build-debug/CMakeFiles/CMakeTmp/testCXXCompiler.cxx
Linking CXX executable cmTC_085b7
/Applications/CLion.app/Contents/bin/cmake/mac/bin/cmake -E cmake_link_script CMakeFiles/cmTC_085b7.dir/link.txt --verbose=1
/usr/local/Cellar/gcc/10.2.0_2/bin/g++-10    -isysroot /Applications/Xcode.app/Contents/Developer/Platforms/MacOSX.platform/Developer/SDKs/MacOSX10.15.sdk -mmacosx-version-min=10.14 -Wl,-search_paths_first -Wl,-headerpad_max_install_names   CMakeFiles/cmTC_085b7.dir/testCXXCompiler.cxx.o  -o cmTC_085b7 



Detecting CXX compiler ABI info compiled with the following output:
Change Dir: /Users/devyk/Data/Project/sample/github_code/YKAVStudyPlatform/avcore/cmake-build-debug/CMakeFiles/CMakeTmp

Run Build Command(s):/usr/bin/make cmTC_b908a/fast && /Applications/Xcode.app/Contents/Developer/usr/bin/make -f CMakeFiles/cmTC_b908a.dir/build.make CMakeFiles/cmTC_b908a.dir/build
Building CXX object CMakeFiles/cmTC_b908a.dir/CMakeCXXCompilerABI.cpp.o
/usr/local/Cellar/gcc/10.2.0_2/bin/g++-10    -isysroot /Applications/Xcode.app/Contents/Developer/Platforms/MacOSX.platform/Developer/SDKs/MacOSX10.15.sdk -mmacosx-version-min=10.14   -v -Wl,-v -o CMakeFiles/cmTC_b908a.dir/CMakeCXXCompilerABI.cpp.o -c /Applications/CLion.app/Contents/bin/cmake/mac/share/cmake-3.15/Modules/CMakeCXXCompilerABI.cpp
Using built-in specs.
COLLECT_GCC=/usr/local/Cellar/gcc/10.2.0_2/bin/g++-10
Target: x86_64-apple-darwin18
Configured with: ../configure --build=x86_64-apple-darwin18 --prefix=/usr/local/Cellar/gcc/10.2.0_2 --libdir=/usr/local/Cellar/gcc/10.2.0_2/lib/gcc/10 --disable-nls --enable-checking=release --enable-languages=c,c++,objc,obj-c++,fortran --program-suffix=-10 --with-gmp=/usr/local/opt/gmp --with-mpfr=/usr/local/opt/mpfr --with-mpc=/usr/local/opt/libmpc --with-isl=/usr/local/opt/isl --with-system-zlib --with-pkgversion='Homebrew GCC 10.2.0_2' --with-bugurl=https://github.com/Homebrew/homebrew-core/issues --disable-multilib --with-native-system-header-dir=/usr/include --with-sysroot=/Library/Developer/CommandLineTools/SDKs/MacOSX10.14.sdk SED=/usr/bin/sed
Thread model: posix
Supported LTO compression algorithms: zlib
gcc version 10.2.0 (Homebrew GCC 10.2.0_2) 
COLLECT_GCC_OPTIONS='-isysroot' '/Applications/Xcode.app/Contents/Developer/Platforms/MacOSX.platform/Developer/SDKs/MacOSX10.15.sdk' '-v' '-o' 'CMakeFiles/cmTC_b908a.dir/CMakeCXXCompilerABI.cpp.o' '-c' '-mmacosx-version-min=10.14' '-asm_macosx_version_min=10.14' '-shared-libgcc' '-mtune=core2'
 /usr/local/Cellar/gcc/10.2.0_2/libexec/gcc/x86_64-apple-darwin18/10.2.0/cc1plus -quiet -v -D__DYNAMIC__ -isysroot /Applications/Xcode.app/Contents/Developer/Platforms/MacOSX.platform/Developer/SDKs/MacOSX10.15.sdk /Applications/CLion.app/Contents/bin/cmake/mac/share/cmake-3.15/Modules/CMakeCXXCompilerABI.cpp -fPIC -quiet -dumpbase CMakeCXXCompilerABI.cpp -mmacosx-version-min=10.14 -mtune=core2 -auxbase-strip CMakeFiles/cmTC_b908a.dir/CMakeCXXCompilerABI.cpp.o -version -o /var/folders/_p/c0sdd8810dz7c26mbc27swqw0000gn/T//cc5FDGJm.s
GNU C++14 (Homebrew GCC 10.2.0_2) version 10.2.0 (x86_64-apple-darwin18)
	compiled by GNU C version 10.2.0, GMP version 6.2.1, MPFR version 4.1.0, MPC version 1.2.1, isl version isl-0.23-GMP

GGC heuristics: --param ggc-min-expand=100 --param ggc-min-heapsize=131072
ignoring nonexistent directory "/Applications/Xcode.app/Contents/Developer/Platforms/MacOSX.platform/Developer/SDKs/MacOSX10.15.sdk/usr/local/include"
ignoring nonexistent directory "/usr/local/Cellar/gcc/10.2.0_2/lib/gcc/10/gcc/x86_64-apple-darwin18/10.2.0/../../../../../../x86_64-apple-darwin18/include"
ignoring nonexistent directory "/Applications/Xcode.app/Contents/Developer/Platforms/MacOSX.platform/Developer/SDKs/MacOSX10.15.sdk/Library/Frameworks"
#include "..." search starts here:
#include <...> search starts here:
 /usr/local/Cellar/gcc/10.2.0_2/lib/gcc/10/gcc/x86_64-apple-darwin18/10.2.0/../../../../../../include/c++/10.2.0
 /usr/local/Cellar/gcc/10.2.0_2/lib/gcc/10/gcc/x86_64-apple-darwin18/10.2.0/../../../../../../include/c++/10.2.0/x86_64-apple-darwin18
 /usr/local/Cellar/gcc/10.2.0_2/lib/gcc/10/gcc/x86_64-apple-darwin18/10.2.0/../../../../../../include/c++/10.2.0/backward
 /usr/local/Cellar/gcc/10.2.0_2/lib/gcc/10/gcc/x86_64-apple-darwin18/10.2.0/include
 /usr/local/Cellar/gcc/10.2.0_2/lib/gcc/10/gcc/x86_64-apple-darwin18/10.2.0/include-fixed
 /Applications/Xcode.app/Contents/Developer/Platforms/MacOSX.platform/Developer/SDKs/MacOSX10.15.sdk/usr/include
 /Applications/Xcode.app/Contents/Developer/Platforms/MacOSX.platform/Developer/SDKs/MacOSX10.15.sdk/System/Library/Frameworks
End of search list.
GNU C++14 (Homebrew GCC 10.2.0_2) version 10.2.0 (x86_64-apple-darwin18)
	compiled by GNU C version 10.2.0, GMP version 6.2.1, MPFR version 4.1.0, MPC version 1.2.1, isl version isl-0.23-GMP

GGC heuristics: --param ggc-min-expand=100 --param ggc-min-heapsize=131072
Compiler executable checksum: a0834bee990fb971f0c4ebc6da0b3069
COLLECT_GCC_OPTIONS='-isysroot' '/Applications/Xcode.app/Contents/Developer/Platforms/MacOSX.platform/Developer/SDKs/MacOSX10.15.sdk' '-v' '-o' 'CMakeFiles/cmTC_b908a.dir/CMakeCXXCompilerABI.cpp.o' '-c' '-mmacosx-version-min=10.14'  '-shared-libgcc' '-mtune=core2'
 as -arch x86_64 -v -force_cpusubtype_ALL -mmacosx-version-min=10.14 -o CMakeFiles/cmTC_b908a.dir/CMakeCXXCompilerABI.cpp.o /var/folders/_p/c0sdd8810dz7c26mbc27swqw0000gn/T//cc5FDGJm.s
Apple clang version 11.0.0 (clang-1100.0.33.8)
Target: x86_64-apple-darwin18.6.0
Thread model: posix
InstalledDir: /Applications/Xcode.app/Contents/Developer/Toolchains/XcodeDefault.xctoolchain/usr/bin
 "/Applications/Xcode.app/Contents/Developer/Toolchains/XcodeDefault.xctoolchain/usr/bin/clang" -cc1as -triple x86_64-apple-macosx10.14.0 -filetype obj -main-file-name cc5FDGJm.s -target-cpu penryn -fdebug-compilation-dir /Users/devyk/Data/Project/sample/github_code/YKAVStudyPlatform/avcore/cmake-build-debug/CMakeFiles/CMakeTmp -dwarf-debug-producer Apple clang version 11.0.0 (clang-1100.0.33.8) -dwarf-version=4 -mrelocation-model pic -o CMakeFiles/cmTC_b908a.dir/CMakeCXXCompilerABI.cpp.o /var/folders/_p/c0sdd8810dz7c26mbc27swqw0000gn/T//cc5FDGJm.s
COMPILER_PATH=/usr/local/Cellar/gcc/10.2.0_2/libexec/gcc/x86_64-apple-darwin18/10.2.0/:/usr/local/Cellar/gcc/10.2.0_2/libexec/gcc/x86_64-apple-darwin18/10.2.0/:/usr/local/Cellar/gcc/10.2.0_2/libexec/gcc/x86_64-apple-darwin18/:/usr/local/Cellar/gcc/10.2.0_2/lib/gcc/10/gcc/x86_64-apple-darwin18/10.2.0/:/usr/local/Cellar/gcc/10.2.0_2/lib/gcc/10/gcc/x86_64-apple-darwin18/
LIBRARY_PATH=/usr/local/Cellar/gcc/10.2.0_2/lib/gcc/10/gcc/x86_64-apple-darwin18/10.2.0/:/usr/local/Cellar/gcc/10.2.0_2/lib/gcc/10/gcc/x86_64-apple-darwin18/10.2.0/../../../
COLLECT_GCC_OPTIONS='-isysroot' '/Applications/Xcode.app/Contents/Developer/Platforms/MacOSX.platform/Developer/SDKs/MacOSX10.15.sdk' '-v' '-o' 'CMakeFiles/cmTC_b908a.dir/CMakeCXXCompilerABI.cpp.o' '-c' '-mmacosx-version-min=10.14'  '-shared-libgcc' '-mtune=core2'
Linking CXX executable cmTC_b908a
/Applications/CLion.app/Contents/bin/cmake/mac/bin/cmake -E cmake_link_script CMakeFiles/cmTC_b908a.dir/link.txt --verbose=1
/usr/local/Cellar/gcc/10.2.0_2/bin/g++-10    -isysroot /Applications/Xcode.app/Contents/Developer/Platforms/MacOSX.platform/Developer/SDKs/MacOSX10.15.sdk -mmacosx-version-min=10.14 -Wl,-search_paths_first -Wl,-headerpad_max_install_names  -v -Wl,-v CMakeFiles/cmTC_b908a.dir/CMakeCXXCompilerABI.cpp.o  -o cmTC_b908a 
Using built-in specs.
COLLECT_GCC=/usr/local/Cellar/gcc/10.2.0_2/bin/g++-10
COLLECT_LTO_WRAPPER=/usr/local/Cellar/gcc/10.2.0_2/libexec/gcc/x86_64-apple-darwin18/10.2.0/lto-wrapper
Target: x86_64-apple-darwin18
Configured with: ../configure --build=x86_64-apple-darwin18 --prefix=/usr/local/Cellar/gcc/10.2.0_2 --libdir=/usr/local/Cellar/gcc/10.2.0_2/lib/gcc/10 --disable-nls --enable-checking=release --enable-languages=c,c++,objc,obj-c++,fortran --program-suffix=-10 --with-gmp=/usr/local/opt/gmp --with-mpfr=/usr/local/opt/mpfr --with-mpc=/usr/local/opt/libmpc --with-isl=/usr/local/opt/isl --with-system-zlib --with-pkgversion='Homebrew GCC 10.2.0_2' --with-bugurl=https://github.com/Homebrew/homebrew-core/issues --disable-multilib --with-native-system-header-dir=/usr/include --with-sysroot=/Library/Developer/CommandLineTools/SDKs/MacOSX10.14.sdk SED=/usr/bin/sed
Thread model: posix
Supported LTO compression algorithms: zlib
gcc version 10.2.0 (Homebrew GCC 10.2.0_2) 
COMPILER_PATH=/usr/local/Cellar/gcc/10.2.0_2/libexec/gcc/x86_64-apple-darwin18/10.2.0/:/usr/local/Cellar/gcc/10.2.0_2/libexec/gcc/x86_64-apple-darwin18/10.2.0/:/usr/local/Cellar/gcc/10.2.0_2/libexec/gcc/x86_64-apple-darwin18/:/usr/local/Cellar/gcc/10.2.0_2/lib/gcc/10/gcc/x86_64-apple-darwin18/10.2.0/:/usr/local/Cellar/gcc/10.2.0_2/lib/gcc/10/gcc/x86_64-apple-darwin18/
LIBRARY_PATH=/usr/local/Cellar/gcc/10.2.0_2/lib/gcc/10/gcc/x86_64-apple-darwin18/10.2.0/:/usr/local/Cellar/gcc/10.2.0_2/lib/gcc/10/gcc/x86_64-apple-darwin18/10.2.0/../../../
COLLECT_GCC_OPTIONS='-isysroot' '/Applications/Xcode.app/Contents/Developer/Platforms/MacOSX.platform/Developer/SDKs/MacOSX10.15.sdk' '-v' '-o' 'cmTC_b908a' '-mmacosx-version-min=10.14' '-asm_macosx_version_min=10.14' '-shared-libgcc' '-mtune=core2'
 /usr/local/Cellar/gcc/10.2.0_2/libexec/gcc/x86_64-apple-darwin18/10.2.0/collect2 -dynamic -arch x86_64 -macosx_version_min 10.14 -syslibroot /Applications/Xcode.app/Contents/Developer/Platforms/MacOSX.platform/Developer/SDKs/MacOSX10.15.sdk -weak_reference_mismatches non-weak -o cmTC_b908a -L/usr/local/Cellar/gcc/10.2.0_2/lib/gcc/10/gcc/x86_64-apple-darwin18/10.2.0 -L/usr/local/Cellar/gcc/10.2.0_2/lib/gcc/10/gcc/x86_64-apple-darwin18/10.2.0/../../.. -search_paths_first -headerpad_max_install_names -v CMakeFiles/cmTC_b908a.dir/CMakeCXXCompilerABI.cpp.o -lstdc++ -lSystem -lgcc_ext.10.5 -lgcc -lSystem -no_compact_unwind -v
collect2 version 10.2.0
/usr/bin/ld -dynamic -arch x86_64 -macosx_version_min 10.14 -syslibroot /Applications/Xcode.app/Contents/Developer/Platforms/MacOSX.platform/Developer/SDKs/MacOSX10.15.sdk -weak_reference_mismatches non-weak -o cmTC_b908a -L/usr/local/Cellar/gcc/10.2.0_2/lib/gcc/10/gcc/x86_64-apple-darwin18/10.2.0 -L/usr/local/Cellar/gcc/10.2.0_2/lib/gcc/10/gcc/x86_64-apple-darwin18/10.2.0/../../.. -search_paths_first -headerpad_max_install_names -v CMakeFiles/cmTC_b908a.dir/CMakeCXXCompilerABI.cpp.o -lstdc++ -lSystem -lgcc_ext.10.5 -lgcc -lSystem -no_compact_unwind -v
@(#)PROGRAM:ld  PROJECT:ld64-512.4
BUILD 05:06:53 Aug 16 2019
configured to support archs: armv6 armv7 armv7s arm64 arm64e arm64_32 i386 x86_64 x86_64h armv6m armv7k armv7m armv7em
@(#)PROGRAM:ld  PROJECT:ld64-512.4
BUILD 05:06:53 Aug 16 2019
configured to support archs: armv6 armv7 armv7s arm64 arm64e arm64_32 i386 x86_64 x86_64h armv6m armv7k armv7m armv7em
Library search paths:
	/usr/local/Cellar/gcc/10.2.0_2/lib/gcc/10/gcc/x86_64-apple-darwin18/10.2.0
	/usr/local/Cellar/gcc/10.2.0_2/lib/gcc/10
	/Applications/Xcode.app/Contents/Developer/Platforms/MacOSX.platform/Developer/SDKs/MacOSX10.15.sdk/usr/lib
Framework search paths:
	/Applications/Xcode.app/Contents/Developer/Platforms/MacOSX.platform/Developer/SDKs/MacOSX10.15.sdk/System/Library/Frameworks/



Parsed CXX implicit include dir info from above output: rv=done
  found start of include info
  found start of implicit include info
    add: [/usr/local/Cellar/gcc/10.2.0_2/lib/gcc/10/gcc/x86_64-apple-darwin18/10.2.0/../../../../../../include/c++/10.2.0]
    add: [/usr/local/Cellar/gcc/10.2.0_2/lib/gcc/10/gcc/x86_64-apple-darwin18/10.2.0/../../../../../../include/c++/10.2.0/x86_64-apple-darwin18]
    add: [/usr/local/Cellar/gcc/10.2.0_2/lib/gcc/10/gcc/x86_64-apple-darwin18/10.2.0/../../../../../../include/c++/10.2.0/backward]
    add: [/usr/local/Cellar/gcc/10.2.0_2/lib/gcc/10/gcc/x86_64-apple-darwin18/10.2.0/include]
    add: [/usr/local/Cellar/gcc/10.2.0_2/lib/gcc/10/gcc/x86_64-apple-darwin18/10.2.0/include-fixed]
    add: [/Applications/Xcode.app/Contents/Developer/Platforms/MacOSX.platform/Developer/SDKs/MacOSX10.15.sdk/usr/include]
    add: [/Applications/Xcode.app/Contents/Developer/Platforms/MacOSX.platform/Developer/SDKs/MacOSX10.15.sdk/System/Library/Frameworks]
  end of search list found
  collapse include dir [/usr/local/Cellar/gcc/10.2.0_2/lib/gcc/10/gcc/x86_64-apple-darwin18/10.2.0/../../../../../../include/c++/10.2.0] ==> [/usr/local/Cellar/gcc/10.2.0_2/include/c++/10.2.0]
  collapse include dir [/usr/local/Cellar/gcc/10.2.0_2/lib/gcc/10/gcc/x86_64-apple-darwin18/10.2.0/../../../../../../include/c++/10.2.0/x86_64-apple-darwin18] ==> [/usr/local/Cellar/gcc/10.2.0_2/include/c++/10.2.0/x86_64-apple-darwin18]
  collapse include dir [/usr/local/Cellar/gcc/10.2.0_2/lib/gcc/10/gcc/x86_64-apple-darwin18/10.2.0/../../../../../../include/c++/10.2.0/backward] ==> [/usr/local/Cellar/gcc/10.2.0_2/include/c++/10.2.0/backward]
  collapse include dir [/usr/local/Cellar/gcc/10.2.0_2/lib/gcc/10/gcc/x86_64-apple-darwin18/10.2.0/include] ==> [/usr/local/Cellar/gcc/10.2.0_2/lib/gcc/10/gcc/x86_64-apple-darwin18/10.2.0/include]
  collapse include dir [/usr/local/Cellar/gcc/10.2.0_2/lib/gcc/10/gcc/x86_64-apple-darwin18/10.2.0/include-fixed] ==> [/usr/local/Cellar/gcc/10.2.0_2/lib/gcc/10/gcc/x86_64-apple-darwin18/10.2.0/include-fixed]
  collapse include dir [/Applications/Xcode.app/Contents/Developer/Platforms/MacOSX.platform/Developer/SDKs/MacOSX10.15.sdk/usr/include] ==> [/Applications/Xcode.app/Contents/Developer/Platforms/MacOSX.platform/Developer/SDKs/MacOSX10.15.sdk/usr/include]
  collapse include dir [/Applications/Xcode.app/Contents/Developer/Platforms/MacOSX.platform/Developer/SDKs/MacOSX10.15.sdk/System/Library/Frameworks] ==> [/Applications/Xcode.app/Contents/Developer/Platforms/MacOSX.platform/Developer/SDKs/MacOSX10.15.sdk/System/Library/Frameworks]
  implicit include dirs: [/usr/local/Cellar/gcc/10.2.0_2/include/c++/10.2.0;/usr/local/Cellar/gcc/10.2.0_2/include/c++/10.2.0/x86_64-apple-darwin18;/usr/local/Cellar/gcc/10.2.0_2/include/c++/10.2.0/backward;/usr/local/Cellar/gcc/10.2.0_2/lib/gcc/10/gcc/x86_64-apple-darwin18/10.2.0/include;/usr/local/Cellar/gcc/10.2.0_2/lib/gcc/10/gcc/x86_64-apple-darwin18/10.2.0/include-fixed;/Applications/Xcode.app/Contents/Developer/Platforms/MacOSX.platform/Developer/SDKs/MacOSX10.15.sdk/usr/include;/Applications/Xcode.app/Contents/Developer/Platforms/MacOSX.platform/Developer/SDKs/MacOSX10.15.sdk/System/Library/Frameworks]


Parsed CXX implicit link information from above output:
  link line regex: [^( *|.*[/\])(ld|CMAKE_LINK_STARTFILE-NOTFOUND|([^/\]+-)?ld|collect2)[^/\]*( |$)]
  ignore line: [Change Dir: /Users/devyk/Data/Project/sample/github_code/YKAVStudyPlatform/avcore/cmake-build-debug/CMakeFiles/CMakeTmp]
  ignore line: []
  ignore line: [Run Build Command(s):/usr/bin/make cmTC_b908a/fast && /Applications/Xcode.app/Contents/Developer/usr/bin/make -f CMakeFiles/cmTC_b908a.dir/build.make CMakeFiles/cmTC_b908a.dir/build]
  ignore line: [Building CXX object CMakeFiles/cmTC_b908a.dir/CMakeCXXCompilerABI.cpp.o]
  ignore line: [/usr/local/Cellar/gcc/10.2.0_2/bin/g++-10    -isysroot /Applications/Xcode.app/Contents/Developer/Platforms/MacOSX.platform/Developer/SDKs/MacOSX10.15.sdk -mmacosx-version-min=10.14   -v -Wl,-v -o CMakeFiles/cmTC_b908a.dir/CMakeCXXCompilerABI.cpp.o -c /Applications/CLion.app/Contents/bin/cmake/mac/share/cmake-3.15/Modules/CMakeCXXCompilerABI.cpp]
  ignore line: [Using built-in specs.]
  ignore line: [COLLECT_GCC=/usr/local/Cellar/gcc/10.2.0_2/bin/g++-10]
  ignore line: [Target: x86_64-apple-darwin18]
  ignore line: [Configured with: ../configure --build=x86_64-apple-darwin18 --prefix=/usr/local/Cellar/gcc/10.2.0_2 --libdir=/usr/local/Cellar/gcc/10.2.0_2/lib/gcc/10 --disable-nls --enable-checking=release --enable-languages=c,c++,objc,obj-c++,fortran --program-suffix=-10 --with-gmp=/usr/local/opt/gmp --with-mpfr=/usr/local/opt/mpfr --with-mpc=/usr/local/opt/libmpc --with-isl=/usr/local/opt/isl --with-system-zlib --with-pkgversion='Homebrew GCC 10.2.0_2' --with-bugurl=https://github.com/Homebrew/homebrew-core/issues --disable-multilib --with-native-system-header-dir=/usr/include --with-sysroot=/Library/Developer/CommandLineTools/SDKs/MacOSX10.14.sdk SED=/usr/bin/sed]
  ignore line: [Thread model: posix]
  ignore line: [Supported LTO compression algorithms: zlib]
  ignore line: [gcc version 10.2.0 (Homebrew GCC 10.2.0_2) ]
  ignore line: [COLLECT_GCC_OPTIONS='-isysroot' '/Applications/Xcode.app/Contents/Developer/Platforms/MacOSX.platform/Developer/SDKs/MacOSX10.15.sdk' '-v' '-o' 'CMakeFiles/cmTC_b908a.dir/CMakeCXXCompilerABI.cpp.o' '-c' '-mmacosx-version-min=10.14' '-asm_macosx_version_min=10.14' '-shared-libgcc' '-mtune=core2']
  ignore line: [ /usr/local/Cellar/gcc/10.2.0_2/libexec/gcc/x86_64-apple-darwin18/10.2.0/cc1plus -quiet -v -D__DYNAMIC__ -isysroot /Applications/Xcode.app/Contents/Developer/Platforms/MacOSX.platform/Developer/SDKs/MacOSX10.15.sdk /Applications/CLion.app/Contents/bin/cmake/mac/share/cmake-3.15/Modules/CMakeCXXCompilerABI.cpp -fPIC -quiet -dumpbase CMakeCXXCompilerABI.cpp -mmacosx-version-min=10.14 -mtune=core2 -auxbase-strip CMakeFiles/cmTC_b908a.dir/CMakeCXXCompilerABI.cpp.o -version -o /var/folders/_p/c0sdd8810dz7c26mbc27swqw0000gn/T//cc5FDGJm.s]
  ignore line: [GNU C++14 (Homebrew GCC 10.2.0_2) version 10.2.0 (x86_64-apple-darwin18)]
  ignore line: [	compiled by GNU C version 10.2.0, GMP version 6.2.1, MPFR version 4.1.0, MPC version 1.2.1, isl version isl-0.23-GMP]
  ignore line: []
  ignore line: [GGC heuristics: --param ggc-min-expand=100 --param ggc-min-heapsize=131072]
  ignore line: [ignoring nonexistent directory "/Applications/Xcode.app/Contents/Developer/Platforms/MacOSX.platform/Developer/SDKs/MacOSX10.15.sdk/usr/local/include"]
  ignore line: [ignoring nonexistent directory "/usr/local/Cellar/gcc/10.2.0_2/lib/gcc/10/gcc/x86_64-apple-darwin18/10.2.0/../../../../../../x86_64-apple-darwin18/include"]
  ignore line: [ignoring nonexistent directory "/Applications/Xcode.app/Contents/Developer/Platforms/MacOSX.platform/Developer/SDKs/MacOSX10.15.sdk/Library/Frameworks"]
  ignore line: [#include "..." search starts here:]
  ignore line: [#include <...> search starts here:]
  ignore line: [ /usr/local/Cellar/gcc/10.2.0_2/lib/gcc/10/gcc/x86_64-apple-darwin18/10.2.0/../../../../../../include/c++/10.2.0]
  ignore line: [ /usr/local/Cellar/gcc/10.2.0_2/lib/gcc/10/gcc/x86_64-apple-darwin18/10.2.0/../../../../../../include/c++/10.2.0/x86_64-apple-darwin18]
  ignore line: [ /usr/local/Cellar/gcc/10.2.0_2/lib/gcc/10/gcc/x86_64-apple-darwin18/10.2.0/../../../../../../include/c++/10.2.0/backward]
  ignore line: [ /usr/local/Cellar/gcc/10.2.0_2/lib/gcc/10/gcc/x86_64-apple-darwin18/10.2.0/include]
  ignore line: [ /usr/local/Cellar/gcc/10.2.0_2/lib/gcc/10/gcc/x86_64-apple-darwin18/10.2.0/include-fixed]
  ignore line: [ /Applications/Xcode.app/Contents/Developer/Platforms/MacOSX.platform/Developer/SDKs/MacOSX10.15.sdk/usr/include]
  ignore line: [ /Applications/Xcode.app/Contents/Developer/Platforms/MacOSX.platform/Developer/SDKs/MacOSX10.15.sdk/System/Library/Frameworks]
  ignore line: [End of search list.]
  ignore line: [GNU C++14 (Homebrew GCC 10.2.0_2) version 10.2.0 (x86_64-apple-darwin18)]
  ignore line: [	compiled by GNU C version 10.2.0, GMP version 6.2.1, MPFR version 4.1.0, MPC version 1.2.1, isl version isl-0.23-GMP]
  ignore line: []
  ignore line: [GGC heuristics: --param ggc-min-expand=100 --param ggc-min-heapsize=131072]
  ignore line: [Compiler executable checksum: a0834bee990fb971f0c4ebc6da0b3069]
  ignore line: [COLLECT_GCC_OPTIONS='-isysroot' '/Applications/Xcode.app/Contents/Developer/Platforms/MacOSX.platform/Developer/SDKs/MacOSX10.15.sdk' '-v' '-o' 'CMakeFiles/cmTC_b908a.dir/CMakeCXXCompilerABI.cpp.o' '-c' '-mmacosx-version-min=10.14'  '-shared-libgcc' '-mtune=core2']
  ignore line: [ as -arch x86_64 -v -force_cpusubtype_ALL -mmacosx-version-min=10.14 -o CMakeFiles/cmTC_b908a.dir/CMakeCXXCompilerABI.cpp.o /var/folders/_p/c0sdd8810dz7c26mbc27swqw0000gn/T//cc5FDGJm.s]
  ignore line: [Apple clang version 11.0.0 (clang-1100.0.33.8)]
  ignore line: [Target: x86_64-apple-darwin18.6.0]
  ignore line: [Thread model: posix]
  ignore line: [InstalledDir: /Applications/Xcode.app/Contents/Developer/Toolchains/XcodeDefault.xctoolchain/usr/bin]
  ignore line: [ "/Applications/Xcode.app/Contents/Developer/Toolchains/XcodeDefault.xctoolchain/usr/bin/clang" -cc1as -triple x86_64-apple-macosx10.14.0 -filetype obj -main-file-name cc5FDGJm.s -target-cpu penryn -fdebug-compilation-dir /Users/devyk/Data/Project/sample/github_code/YKAVStudyPlatform/avcore/cmake-build-debug/CMakeFiles/CMakeTmp -dwarf-debug-producer Apple clang version 11.0.0 (clang-1100.0.33.8) -dwarf-version=4 -mrelocation-model pic -o CMakeFiles/cmTC_b908a.dir/CMakeCXXCompilerABI.cpp.o /var/folders/_p/c0sdd8810dz7c26mbc27swqw0000gn/T//cc5FDGJm.s]
  ignore line: [COMPILER_PATH=/usr/local/Cellar/gcc/10.2.0_2/libexec/gcc/x86_64-apple-darwin18/10.2.0/:/usr/local/Cellar/gcc/10.2.0_2/libexec/gcc/x86_64-apple-darwin18/10.2.0/:/usr/local/Cellar/gcc/10.2.0_2/libexec/gcc/x86_64-apple-darwin18/:/usr/local/Cellar/gcc/10.2.0_2/lib/gcc/10/gcc/x86_64-apple-darwin18/10.2.0/:/usr/local/Cellar/gcc/10.2.0_2/lib/gcc/10/gcc/x86_64-apple-darwin18/]
  ignore line: [LIBRARY_PATH=/usr/local/Cellar/gcc/10.2.0_2/lib/gcc/10/gcc/x86_64-apple-darwin18/10.2.0/:/usr/local/Cellar/gcc/10.2.0_2/lib/gcc/10/gcc/x86_64-apple-darwin18/10.2.0/../../../]
  ignore line: [COLLECT_GCC_OPTIONS='-isysroot' '/Applications/Xcode.app/Contents/Developer/Platforms/MacOSX.platform/Developer/SDKs/MacOSX10.15.sdk' '-v' '-o' 'CMakeFiles/cmTC_b908a.dir/CMakeCXXCompilerABI.cpp.o' '-c' '-mmacosx-version-min=10.14'  '-shared-libgcc' '-mtune=core2']
  ignore line: [Linking CXX executable cmTC_b908a]
  ignore line: [/Applications/CLion.app/Contents/bin/cmake/mac/bin/cmake -E cmake_link_script CMakeFiles/cmTC_b908a.dir/link.txt --verbose=1]
  ignore line: [/usr/local/Cellar/gcc/10.2.0_2/bin/g++-10    -isysroot /Applications/Xcode.app/Contents/Developer/Platforms/MacOSX.platform/Developer/SDKs/MacOSX10.15.sdk -mmacosx-version-min=10.14 -Wl,-search_paths_first -Wl,-headerpad_max_install_names  -v -Wl,-v CMakeFiles/cmTC_b908a.dir/CMakeCXXCompilerABI.cpp.o  -o cmTC_b908a ]
  ignore line: [Using built-in specs.]
  ignore line: [COLLECT_GCC=/usr/local/Cellar/gcc/10.2.0_2/bin/g++-10]
  ignore line: [COLLECT_LTO_WRAPPER=/usr/local/Cellar/gcc/10.2.0_2/libexec/gcc/x86_64-apple-darwin18/10.2.0/lto-wrapper]
  ignore line: [Target: x86_64-apple-darwin18]
  ignore line: [Configured with: ../configure --build=x86_64-apple-darwin18 --prefix=/usr/local/Cellar/gcc/10.2.0_2 --libdir=/usr/local/Cellar/gcc/10.2.0_2/lib/gcc/10 --disable-nls --enable-checking=release --enable-languages=c,c++,objc,obj-c++,fortran --program-suffix=-10 --with-gmp=/usr/local/opt/gmp --with-mpfr=/usr/local/opt/mpfr --with-mpc=/usr/local/opt/libmpc --with-isl=/usr/local/opt/isl --with-system-zlib --with-pkgversion='Homebrew GCC 10.2.0_2' --with-bugurl=https://github.com/Homebrew/homebrew-core/issues --disable-multilib --with-native-system-header-dir=/usr/include --with-sysroot=/Library/Developer/CommandLineTools/SDKs/MacOSX10.14.sdk SED=/usr/bin/sed]
  ignore line: [Thread model: posix]
  ignore line: [Supported LTO compression algorithms: zlib]
  ignore line: [gcc version 10.2.0 (Homebrew GCC 10.2.0_2) ]
  ignore line: [COMPILER_PATH=/usr/local/Cellar/gcc/10.2.0_2/libexec/gcc/x86_64-apple-darwin18/10.2.0/:/usr/local/Cellar/gcc/10.2.0_2/libexec/gcc/x86_64-apple-darwin18/10.2.0/:/usr/local/Cellar/gcc/10.2.0_2/libexec/gcc/x86_64-apple-darwin18/:/usr/local/Cellar/gcc/10.2.0_2/lib/gcc/10/gcc/x86_64-apple-darwin18/10.2.0/:/usr/local/Cellar/gcc/10.2.0_2/lib/gcc/10/gcc/x86_64-apple-darwin18/]
  ignore line: [LIBRARY_PATH=/usr/local/Cellar/gcc/10.2.0_2/lib/gcc/10/gcc/x86_64-apple-darwin18/10.2.0/:/usr/local/Cellar/gcc/10.2.0_2/lib/gcc/10/gcc/x86_64-apple-darwin18/10.2.0/../../../]
  ignore line: [COLLECT_GCC_OPTIONS='-isysroot' '/Applications/Xcode.app/Contents/Developer/Platforms/MacOSX.platform/Developer/SDKs/MacOSX10.15.sdk' '-v' '-o' 'cmTC_b908a' '-mmacosx-version-min=10.14' '-asm_macosx_version_min=10.14' '-shared-libgcc' '-mtune=core2']
  link line: [ /usr/local/Cellar/gcc/10.2.0_2/libexec/gcc/x86_64-apple-darwin18/10.2.0/collect2 -dynamic -arch x86_64 -macosx_version_min 10.14 -syslibroot /Applications/Xcode.app/Contents/Developer/Platforms/MacOSX.platform/Developer/SDKs/MacOSX10.15.sdk -weak_reference_mismatches non-weak -o cmTC_b908a -L/usr/local/Cellar/gcc/10.2.0_2/lib/gcc/10/gcc/x86_64-apple-darwin18/10.2.0 -L/usr/local/Cellar/gcc/10.2.0_2/lib/gcc/10/gcc/x86_64-apple-darwin18/10.2.0/../../.. -search_paths_first -headerpad_max_install_names -v CMakeFiles/cmTC_b908a.dir/CMakeCXXCompilerABI.cpp.o -lstdc++ -lSystem -lgcc_ext.10.5 -lgcc -lSystem -no_compact_unwind -v]
    arg [/usr/local/Cellar/gcc/10.2.0_2/libexec/gcc/x86_64-apple-darwin18/10.2.0/collect2] ==> ignore
    arg [-dynamic] ==> ignore
    arg [-arch] ==> ignore
    arg [x86_64] ==> ignore
    arg [-macosx_version_min] ==> ignore
    arg [10.14] ==> ignore
    arg [-syslibroot] ==> ignore
    arg [/Applications/Xcode.app/Contents/Developer/Platforms/MacOSX.platform/Developer/SDKs/MacOSX10.15.sdk] ==> ignore
    arg [-weak_reference_mismatches] ==> ignore
    arg [non-weak] ==> ignore
    arg [-o] ==> ignore
    arg [cmTC_b908a] ==> ignore
    arg [-L/usr/local/Cellar/gcc/10.2.0_2/lib/gcc/10/gcc/x86_64-apple-darwin18/10.2.0] ==> dir [/usr/local/Cellar/gcc/10.2.0_2/lib/gcc/10/gcc/x86_64-apple-darwin18/10.2.0]
    arg [-L/usr/local/Cellar/gcc/10.2.0_2/lib/gcc/10/gcc/x86_64-apple-darwin18/10.2.0/../../..] ==> dir [/usr/local/Cellar/gcc/10.2.0_2/lib/gcc/10/gcc/x86_64-apple-darwin18/10.2.0/../../..]
    arg [-search_paths_first] ==> ignore
    arg [-headerpad_max_install_names] ==> ignore
    arg [-v] ==> ignore
    arg [CMakeFiles/cmTC_b908a.dir/CMakeCXXCompilerABI.cpp.o] ==> ignore
    arg [-lstdc++] ==> lib [stdc++]
    arg [-lSystem] ==> lib [System]
    arg [-lgcc_ext.10.5] ==> lib [gcc_ext.10.5]
    arg [-lgcc] ==> lib [gcc]
    arg [-lSystem] ==> lib [System]
    arg [-no_compact_unwind] ==> ignore
    arg [-v] ==> ignore
  Library search paths: [;/usr/local/Cellar/gcc/10.2.0_2/lib/gcc/10/gcc/x86_64-apple-darwin18/10.2.0;/usr/local/Cellar/gcc/10.2.0_2/lib/gcc/10;/Applications/Xcode.app/Contents/Developer/Platforms/MacOSX.platform/Developer/SDKs/MacOSX10.15.sdk/usr/lib]
  Framework search paths: [;/Applications/Xcode.app/Contents/Developer/Platforms/MacOSX.platform/Developer/SDKs/MacOSX10.15.sdk/System/Library/Frameworks/]
  remove lib [System]
  remove lib [System]
  collapse library dir [/usr/local/Cellar/gcc/10.2.0_2/lib/gcc/10/gcc/x86_64-apple-darwin18/10.2.0] ==> [/usr/local/Cellar/gcc/10.2.0_2/lib/gcc/10/gcc/x86_64-apple-darwin18/10.2.0]
  collapse library dir [/usr/local/Cellar/gcc/10.2.0_2/lib/gcc/10/gcc/x86_64-apple-darwin18/10.2.0/../../..] ==> [/usr/local/Cellar/gcc/10.2.0_2/lib/gcc/10]
  collapse library dir [/usr/local/Cellar/gcc/10.2.0_2/lib/gcc/10/gcc/x86_64-apple-darwin18/10.2.0] ==> [/usr/local/Cellar/gcc/10.2.0_2/lib/gcc/10/gcc/x86_64-apple-darwin18/10.2.0]
  collapse library dir [/usr/local/Cellar/gcc/10.2.0_2/lib/gcc/10] ==> [/usr/local/Cellar/gcc/10.2.0_2/lib/gcc/10]
  collapse library dir [/Applications/Xcode.app/Contents/Developer/Platforms/MacOSX.platform/Developer/SDKs/MacOSX10.15.sdk/usr/lib] ==> [/Applications/Xcode.app/Contents/Developer/Platforms/MacOSX.platform/Developer/SDKs/MacOSX10.15.sdk/usr/lib]
  collapse framework dir [/Applications/Xcode.app/Contents/Developer/Platforms/MacOSX.platform/Developer/SDKs/MacOSX10.15.sdk/System/Library/Frameworks/] ==> [/Applications/Xcode.app/Contents/Developer/Platforms/MacOSX.platform/Developer/SDKs/MacOSX10.15.sdk/System/Library/Frameworks]
  implicit libs: [stdc++;gcc_ext.10.5;gcc]
  implicit dirs: [/usr/local/Cellar/gcc/10.2.0_2/lib/gcc/10/gcc/x86_64-apple-darwin18/10.2.0;/usr/local/Cellar/gcc/10.2.0_2/lib/gcc/10;/Applications/Xcode.app/Contents/Developer/Platforms/MacOSX.platform/Developer/SDKs/MacOSX10.15.sdk/usr/lib]
  implicit fwks: [/Applications/Xcode.app/Contents/Developer/Platforms/MacOSX.platform/Developer/SDKs/MacOSX10.15.sdk/System/Library/Frameworks]


